<?xml version="1.0" encoding="UTF-8"?>
<testng-results skipped="0" failed="0" ignored="0" total="1" passed="1">
  <reporter-output>
    <line>
      <![CDATA[complete]]>
    </line>
    <line>
      <![CDATA[complete]]>
    </line>
    <line>
      <![CDATA[complete]]>
    </line>
  </reporter-output>
  <suite name="Default suite" duration-ms="44697" started-at="2018-02-08T00:18:10Z" finished-at="2018-02-08T00:18:55Z">
    <groups>
    </groups>
    <test name="Default test" duration-ms="44697" started-at="2018-02-08T00:18:10Z" finished-at="2018-02-08T00:18:55Z">
      <class name="orangee.AddEmployee">
        <test-method status="PASS" signature="Launch()[pri:0, instance:orangee.AddEmployee@433d61fb]" name="Launch" is-config="true" duration-ms="14412" started-at="2018-02-07T16:18:10Z" finished-at="2018-02-07T16:18:24Z">
          <reporter-output>
          </reporter-output>
        </test-method> <!-- Launch -->
        <test-method status="PASS" signature="login()[pri:0, instance:orangee.AddEmployee@433d61fb]" name="login" duration-ms="29310" started-at="2018-02-07T16:18:25Z" finished-at="2018-02-07T16:18:54Z">
          <reporter-output>
            <line>
              <![CDATA[complete]]>
            </line>
            <line>
              <![CDATA[complete]]>
            </line>
            <line>
              <![CDATA[complete]]>
            </line>
          </reporter-output>
        </test-method> <!-- login -->
        <test-method status="PASS" signature="logout()[pri:0, instance:orangee.AddEmployee@433d61fb]" name="logout" is-config="true" duration-ms="929" started-at="2018-02-07T16:18:54Z" finished-at="2018-02-07T16:18:55Z">
          <reporter-output>
          </reporter-output>
        </test-method> <!-- logout -->
      </class> <!-- orangee.AddEmployee -->
    </test> <!-- Default test -->
  </suite> <!-- Default suite -->
</testng-results>
